Arguments: 
  C:\Program Files\nodejs\node.exe C:\Users\Alana\AppData\Roaming\npm\node_modules\yarn\bin\yarn.js start

PATH: 
  C:\app\Alana\product\21c\dbhomeXE\bin;C:\Windows\system32;C:\Windows;C:\Windows\System32\Wbem;C:\Windows\System32\WindowsPowerShell\v1.0\;C:\Windows\System32\OpenSSH\;C:\ProgramData\UNIVALI\Portugol Studio;C:\Program Files\Git\cmd;C:\Program Files\nodejs\;C:\Users\Alana\AppData\Local\Microsoft\WindowsApps;;C:\Users\Alana\AppData\Local\Programs\Microsoft VS Code\bin;C:\Users\Alana\AppData\Roaming\npm

Yarn version: 
  1.22.17

Node version: 
  16.13.0

Platform: 
  win32 x64

Trace: 
  SyntaxError: C:\Users\Alana\Desktop\projeto.estagio\package.json: Unexpected string in JSON at position 95
      at JSON.parse (<anonymous>)
      at C:\Users\Alana\AppData\Roaming\npm\node_modules\yarn\lib\cli.js:1625:59
      at Generator.next (<anonymous>)
      at step (C:\Users\Alana\AppData\Roaming\npm\node_modules\yarn\lib\cli.js:310:30)
      at C:\Users\Alana\AppData\Roaming\npm\node_modules\yarn\lib\cli.js:321:13

npm manifest: 
  {
    "name": "projeto.estagio",
    "version": "1.0.0",
    "main": "index.js",
    "license": "MIT"
  
  "scripts":{
    "start": "node index.js"
  }
  }

yarn manifest: 
  No manifest

Lockfile: 
  No lockfile
